<?xml version="1.0" encoding="UTF-8"?>
<testng-results ignored="0" total="1" passed="1" failed="0" skipped="0">
  <reporter-output>
  </reporter-output>
  <suite started-at="2026-01-03T00:36:54 IST" name="Default suite" finished-at="2026-01-03T00:37:05 IST" duration-ms="11259">
    <groups>
    </groups>
    <test started-at="2026-01-03T00:36:54 IST" name="Default test" finished-at="2026-01-03T00:37:05 IST" duration-ms="11259">
      <class name="tests.ValidateTest">
        <test-method is-config="true" signature="setUp()[pri:0, instance:tests.ValidateTest@54c5a2ff]" started-at="2026-01-03T00:36:54 IST" name="setUp" finished-at="2026-01-03T00:36:59 IST" duration-ms="5788" status="PASS">
          <reporter-output>
          </reporter-output>
        </test-method> <!-- setUp -->
        <test-method signature="validateTextBox()[pri:0, instance:tests.ValidateTest@54c5a2ff]" started-at="2026-01-03T00:36:59 IST" name="validateTextBox" finished-at="2026-01-03T00:37:05 IST" duration-ms="5432" status="PASS">
          <reporter-output>
          </reporter-output>
        </test-method> <!-- validateTextBox -->
        <test-method is-config="true" signature="teardown()[pri:0, instance:tests.ValidateTest@54c5a2ff]" started-at="2026-01-03T00:37:05 IST" name="teardown" finished-at="2026-01-03T00:37:05 IST" duration-ms="0" status="PASS">
          <reporter-output>
          </reporter-output>
        </test-method> <!-- teardown -->
      </class> <!-- tests.ValidateTest -->
    </test> <!-- Default test -->
  </suite> <!-- Default suite -->
</testng-results>
